<?xml version="1.0" encoding="UTF-8"?>
<testsuite name="ExampleTest" tests="0" skipped="0" failures="0" errors="0" timestamp="1970-01-01T00:00:00" hostname="DESKTOP-E25QIIB" time="0.0">
  <properties/>
  <system-out><![CDATA[]]></system-out>
  <system-err><![CDATA[dÃ©c. 17, 2023 11:02:21 AM io.cucumber.core.runtime.FeaturePathFeatureSupplier get
AVERTISSEMENT: No features found at file:/E:/2CSSIL/OGL/OGL_git/TP/Features/
]]></system-err>
</testsuite>
